[echo ...Configuring for [markdown]
checking out the C compiler
-rwxr-xr-x  1 daizhirui  staff  8688  3 27 13:52 ngc10627
-rw-r--r--  1 daizhirui  staff    61  3 27 13:52 ngc10627.c
drwxr-xr-x  3 daizhirui  staff    96  3 27 13:52 ngc10627.dSYM
Looking for cpp
CPP=[cc], CPP_PIPE=[-E -g]
target=CPP, rest=cc
looking for install
 (/usr/bin/install)
ngc10627.c:1:1: warning: type specifier missing, defaults to 'int' [-Wimplicit-int]
main() { puts("hello, sailor!"); }
^
ngc10627.c:1:10: warning: implicit declaration of function 'puts' is invalid in C99 [-Wimplicit-function-declaration]
main() { puts("hello, sailor!"); }
         ^
2 warnings generated.
target=INSTALL, rest=/usr/bin/install
target=INSTALL_PROGRAM, rest=/usr/bin/install -s -m 755
target=INSTALL_DATA, rest=/usr/bin/install -m 444
target=INSTALL_DIR, rest=/Users/daizhirui/Downloads/discount-master/config.md
target=PACKAGE_NAME, rest=libmarkdown
target=PACKAGE_VERSION, rest=2.2.4b2
target=GIT, rest=/usr/bin/git
ngc10627.c:1:34: warning: '__destructor__' attribute only applies to functions [-Wignored-attributes]
extern int thing  __attribute__((__destructor__));
                                 ^
1 warning generated.
target=AR, rest=/usr/bin/ar
target=RANLIB, rest=/usr/bin/ranlib
target=PKGCONFIG, rest=true
target=AUTOMAKE, rest=true
target=MK_PKGCONFIG, rest=#
checking for "volatile" keyword
checking for "const" keyword
Checking for "inline" keyword
defining WORD & DWORD scalar types
OK!OK!looking for header stdlib.h
 (found)
looking for the alloca function
looking for header sys/types.h
 (found)
looking for header pwd.h
 (found)
looking for the getpwuid function
looking for header sys/stat.h
 (found)
looking for the stat function
special file macros in sys/stat.h:
 S_ISSOCK
 S_ISCHR
 S_ISFIFO
.
looking for the srandom function
looking for the memset function
looking for the random function
looking for the strcasecmp function
ngc10627.c:1:6: warning: incompatible redeclaration of library function 'strcasecmp' [-Wincompatible-library-redeclaration]
void strcasecmp();
     ^
ngc10627.c:1:6: note: 'strcasecmp' is a builtin with type 'int (const char *, const char *)'
1 warning generated.
looking for the strncasecmp function
ngc10627.c:1:6: warning: incompatible redeclaration of library function 'strncasecmp' [-Wincompatible-library-redeclaration]
void strncasecmp();
     ^
ngc10627.c:1:6: note: 'strncasecmp' is a builtin with type 'int (const char *, const char *, unsigned long)'
1 warning generated.
looking for the fchdir function
target=THEME, rest=
target=TABSTOP, rest=4
target=AMALLOC, rest=
target=H1TITLE, rest=
looking for header malloc.h
ngc10627.c:2:10: fatal error: 'malloc.h' file not found
#include <malloc.h>
         ^~~~~~~~~~
1 error generated.
 (not found)
target=LIBS, rest=
target=DISTCLEAN, rest=rm -fr
target=GENERATED_FILES, rest=*.dSYM Makefile version.c mkdio.h
target=CC, rest=cc -Wno-implicit-int
target=CFLAGS, rest=-g
target=LDFLAGS, rest=-g
target=CPPFLAGS, rest=
target=srcdir, rest=/Users/daizhirui/Downloads/discount-master
target=prefix, rest=./build
target=exedir, rest=./build/bin
target=bindir, rest=./build/bin
target=sbindir, rest=./build/sbin
target=libdir, rest=./build/lib
target=libexec, rest=./build/lib
target=confdir, rest=/etc
target=mandir, rest=./build/man
find is /usr/bin/find
target=FIND, rest=/usr/bin/find
/bin/ln exists, and ln -s works
target=LN_S, rest=/bin/ln -s
target=AR, rest=/usr/bin/ar
target=RANLIB, rest=/usr/bin/ranlib
target=LD_LIBRARY_PATH, rest=HERE
target=CONFIGURE_FILES, rest=config.cmd config.sub config.h config.mak config.md librarian.sh config.log
sed is /usr/bin/sed
target=SED, rest=/usr/bin/sed
generating Makefile
generating version.c
generating mkdio.h
